<?xml version="1.0" encoding="UTF-8" standalone="no"?>
<testsuite failures="1" name="cucumber.runtime.formatter.JUnitFormatter" skipped="0" tests="1" time="20.48479">
    <testcase classname="To Validate the Login Functionality in  Application" name="To validate the  username and password functionality" time="20.48479">
        <failure message="java.lang.AssertionError&#13;&#10;&#9;at org.junit.Assert.fail(Assert.java:86)&#13;&#10;&#9;at org.junit.Assert.assertTrue(Assert.java:41)&#13;&#10;&#9;at org.junit.Assert.assertTrue(Assert.java:52)&#13;&#10;&#9;at org.stepdefinitionfiletestcheck.StepDefenesionDataTable.to_vaidate_the_password_by_passing_Values_in_the_password_field(StepDefenesionDataTable.java:47)&#13;&#10;&#9;at ✽.To vaidate the password by passing Values in the password field(file:src/test/resources/LoginFunctionalityUsingDataTable.feature:9)&#13;&#10;">
            <![CDATA[Given To Launch the  Browser and to maximize the Web page...................passed
When To pass the FB application url in the browser..........................passed
And To validate the username by passing values..............................passed
And To vaidate the password by passing Values in the password field.........failed
And To click the login button for validation................................skipped
And To check wheather it will navigate to the home page or not..............skipped
Then To close the web page..................................................skipped

StackTrace:
java.lang.AssertionError
	at org.junit.Assert.fail(Assert.java:86)
	at org.junit.Assert.assertTrue(Assert.java:41)
	at org.junit.Assert.assertTrue(Assert.java:52)
	at org.stepdefinitionfiletestcheck.StepDefenesionDataTable.to_vaidate_the_password_by_passing_Values_in_the_password_field(StepDefenesionDataTable.java:47)
	at ✽.To vaidate the password by passing Values in the password field(file:src/test/resources/LoginFunctionalityUsingDataTable.feature:9)
]]>
        </failure>
    </testcase>
</testsuite>
